2025-12-19 17:14:25,227 - nanochat.common - [32m[1mINFO[0m - Distributed world size: 1
INFO:     Started server process [2454446]
INFO:     Waiting for application startup.
2025-12-19 17:14:25,265 - nanochat.checkpoint_manager - [32m[1mINFO[0m - Loading model from /home/inniang/.cache/nanochat/chatsft_checkpoints/d28 with step 650
/project/inniang/nanogpu/kpt_nanochat/nanochat/nanochat/checkpoint_manager.py:44: FutureWarning: You are using `torch.load` with `weights_only=False` (the current default value), which uses the default pickle module implicitly. It is possible to construct malicious pickle data which will execute arbitrary code during unpickling (See https://github.com/pytorch/pytorch/blob/main/SECURITY.md#untrusted-models for more details). In a future release, the default value for `weights_only` will be flipped to `True`. This limits the functions that could be executed during unpickling. Arbitrary objects will no longer be allowed to be loaded via this mode unless they are explicitly allowlisted by the user via `torch.serialization.add_safe_globals`. We recommend you start setting `weights_only=True` for any use case where you don't have full control of the loaded file. Please open an issue on GitHub for any issues related to this experimental feature.
  model_data = torch.load(model_path, map_location=device)
2025-12-19 17:14:27,038 - nanochat.checkpoint_manager - [32m[1mINFO[0m - Building model with config: {'sequence_len': 131072, 'vocab_size': 151936, 'n_layer': 28, 'n_head': 12, 'n_kv_head': 2, 'n_embd': 1536, 'intermediate_size': 8960, 'rope_theta': 10000.0, 'attention_bias': True, 'moe_num_experts': 0, 'moe_top_k': 1, 'moe_layer_start': 0, 'moe_layer_end': -1, 'moe_layer_stride': 1, 'moe_capacity_factor': 1.25, 'moe_aux_loss_coef': 0.01}
2025-12-19 17:14:27,165 - nanochat.checkpoint_manager - [32m[1mINFO[0m - WARNING: tokenizer vocab (65536) != model vocab (151936); proceeding anyway.
INFO:     Application startup complete.
INFO:     Uvicorn running on http://0.0.0.0:8012 (Press CTRL+C to quit)
2025-12-19 17:15:23,984 - __main__ - [32m[1mINFO[0m - ====================
2025-12-19 17:15:23,984 - __main__ - [32m[1mINFO[0m - [USER]: Write a python code
2025-12-19 17:15:23,984 - __main__ - [32m[1mINFO[0m - --------------------
2025-12-19 17:15:24,954 - __main__ - [32m[1mINFO[0m - [ASSISTANT] (GPU 0): ```python
def sum_of_elements(lst):
    return sum(lst)

numbers = [1, 2, 3, 4, 5]
print(sum_of_elements(numbers))  # Output: 15
```
2025-12-19 17:15:24,955 - __main__ - [32m[1mINFO[0m - ====================
2025-12-19 17:17:52,369 - __main__ - [32m[1mINFO[0m - ====================
2025-12-19 17:17:52,370 - __main__ - [32m[1mINFO[0m - [USER]: write pytorch code
2025-12-19 17:17:52,370 - __main__ - [32m[1mINFO[0m - --------------------
2025-12-19 17:17:59,667 - __main__ - [32m[1mINFO[0m - [ASSISTANT] (GPU 0): # Set up a pytorch function named 'pytorch' to handle different types of data and perform the specified operation.
# Create a pytorch function called 'pytorch' that converts a Pytorch object to a PyTorch object.
# Read the Pytorch code into a NumPy array and convert to a PyTorch object.
# Define the function as 'Pytorch' and initialize it with the specified PyTorch object.
# Call the 'pytorch' function with the appropriate PyTorch values to perform the desired operation.
# Create a PyTorch tensor named 'Pytorch' with the same shape as 'data' and initializer tensor named 'Tensor', and assign it to a Tensor object.
# Define the function as 'torch' and initialize it with the appropriate Tensor objects.
# Call the 'torch' function with the appropriate PyTorch values to perform the operation.
# Create a PyTorch tensor named 'Pytorch' with the same shape as 'data' and initializer tensor named 'Tensor', and assign it to a Tensor object.
# Define the function as 'torch' and initialize it with the appropriate Pytorch values to perform the operation.
# Create a PyTorch tensor named 'torch' with the same shape as 'data' and initializer tensor named 'Tensor', and assign it to a Tensor object.
# Define the function as 'torch' and initialize it with the appropriate PyTorch values.
# Call the 'torch' function with the appropriate PyTorch values to perform the operation.
# Create a PyTorch tensor named 'Pytorch' with data named 'Tensor' and initialize it with the appropriate PyTorch values.
# Define the function as 'torch' and initialize it with the appropriate PyTorch values to perform the operation.
# Create a PyTorch tensor named 'torch' with the same shape as 'data' and initializer tensor named 'Tensor', and assign it to a Tensor object.
# Define the function as 'torch' and initialize it with the appropriate PyTorch values to perform the operation.
# Call the 'torch' function with the appropriate PyTorch values to perform the operation.
# Create a PyTorch tensor named 'torch' with the same shape as 'data' and initializer tensor named 'Tensor', and assign it to a Tensor object.
# Define the function as 'tor
2025-12-19 17:17:59,667 - __main__ - [32m[1mINFO[0m - ====================
2025-12-19 17:18:07,013 - __main__ - [32m[1mINFO[0m - ====================
2025-12-19 17:18:07,013 - __main__ - [32m[1mINFO[0m - [USER]: # Set up a pytorch function named 'pytorch' to handle different types of data and perform the specified operation.
# Create a pytorch function called 'pytorch' that converts a Pytorch object to a PyTorch object.
# Read the Pytorch code into a NumPy array and convert to a PyTorch object.
# Define the function as 'Pytorch' and initialize it with the specified PyTorch object.
# Call the 'pytorch' function with the appropriate PyTorch values to perform the desired operation.
# Create a PyTorch tensor named 'Pytorch' with the same shape as 'data' and initializer tensor named 'Tensor', and assign it to a Tensor object.
# Define the function as 'torch' and initialize it with the appropriate Tensor objects.
# Call the 'torch' function with the appropriate PyTorch values to perform the operation.
# Create a PyTorch tensor named 'Pytorch' with the same shape as 'data' and initializer tensor named 'Tensor', and assign it to a Tensor object.
# Define the function as 'torch' and initialize it with the appropriate Pytorch values to perform the operation.
# Create a PyTorch tensor named 'torch' with the same shape as 'data' and initializer tensor named 'Tensor', and assign it to a Tensor object.
# Define the function as 'torch' and initialize it with the appropriate PyTorch values.
# Call the 'torch' function with the appropriate PyTorch values to perform the operation.
# Create a PyTorch tensor named 'Pytorch' with data named 'Tensor' and initialize it with the appropriate PyTorch values.
# Define the function as 'torch' and initialize it with the appropriate PyTorch values to perform the operation.
# Create a PyTorch tensor named 'torch' with the same shape as 'data' and initializer tensor named 'Tensor', and assign it to a Tensor object.
# Define the function as 'torch' and initialize it with the appropriate PyTorch values to perform the operation.
# Call the 'torch' function with the appropriate PyTorch values to perform the operation.
# Create a PyTorch tensor named 'torch' with the same shape as 'data' and initializer tensor named 'Tensor', and assign it to a Tensor object.
# Define the function as 'tor
2025-12-19 17:18:07,013 - __main__ - [32m[1mINFO[0m - --------------------
2025-12-19 17:18:14,394 - __main__ - [32m[1mINFO[0m - [ASSISTANT] (GPU 0): # Set up a pytorch function named 'pytorch' to handle different types of data and perform the desired operation.
# Create a pytorch function named 'Pytorch' to convert a Pytorch object to a PyTorch tensor.
# Read the Pytorch code into a NumPy array and convert it to a PyTorch object.
# Define the function as 'torch' and initialize it with the appropriate PyTorch values to perform the operation.
# Define the function as 'torch' and initialize it with the appropriate PyTorch values to perform the operation.
# Define the function as 'torch' and initialize it with the appropriate PyTorch values to perform the operation.
# Define the function as 'torch' and initialize it with the appropriate PyTorch values to perform the operation.
# Define the function as 'torch' and initialize it with the appropriate PyTorch values to perform the operation.
# Define the function as 'torch' and initialize it with the appropriate PyTorch values to perform the operation.
# Define the function as 'torch' and initialize it with the appropriate PyTorch values to perform the operation.
# Define the function as 'torch' and initialize it with the appropriate PyTorch values to perform the operation.
# Define the function as 'torch' and initialize it with the appropriate PyTorch values to perform the operation.
# Define the function as 'torch' and initialize it with the appropriate PyTorch values to perform the operation.
# Define the function as 'torch' and initialize it with the appropriate PyTorch values to perform the operation.
# Define the function as 'torch' and initialize it with the appropriate PyTorch values to perform the operation.
# Define the function as 'torch' and initialize it with the appropriate PyTorch values to perform the operation.
# Define the function as 'torch' and initialize it with the appropriate PyTorch values to perform the operation.
# Define the function as 'torch' and initialize it with the appropriate PyTorch values to perform the operation.
# Define the function as 'torch' and initialize it with the appropriate PyTorch values to perform the operation.
# Define the function as 'torch' and initialize it with the appropriate PyTorch values to perform the operation.
# Define the function as 'torch' and initialize it with the appropriate PyTorch values to perform the operation.
#
2025-12-19 17:18:14,395 - __main__ - [32m[1mINFO[0m - ====================
2025-12-19 17:18:25,230 - __main__ - [32m[1mINFO[0m - ====================
2025-12-19 17:18:25,230 - __main__ - [32m[1mINFO[0m - [USER]: writea simple cuda function
2025-12-19 17:18:25,230 - __main__ - [32m[1mINFO[0m - --------------------
2025-12-19 17:18:28,576 - __main__ - [32m[1mINFO[0m - [ASSISTANT] (GPU 0): Here is a simple Cuda function that returns the memory address (i.e., the address of the CPU) of the host input/output operation:

```c
#include <stdio.h>
#include <stdlib.h>

int main() {
    int input = 10;
    int output = 500; // cache size of the input/output operation
    int memory = 1024;
    int memory = buffer_count();
    printf("%c", output); // prints 500 bytes
    free(input);
    printf("Memory allocation failed\n");
    return 0;
}
```

This function takes an input/output operation `input` and returns the memory address if it was already available (i.e., a 500-bit signed integer). Otherwise, it simply prints the memory address of the CPU.

Note that the free memory allocation and deallocation are handled by `cuda.h` and `deletecuda` functions. The `printf` function is used to print the memory address.
2025-12-19 17:18:28,576 - __main__ - [32m[1mINFO[0m - ====================
slurmstepd: error: *** JOB 31997 ON itiger01 CANCELLED AT 2025-12-19T17:19:08 ***
